# Logfile created on 2012-03-26 13:13:20 +0200 by logger.rb/31641
I, [2012-03-26T13:13:28.809527 #2800]  INFO -- : Account creation				toto
I, [2012-03-26T13:13:28.809852 #2800]  INFO -- : [Session]			toto disconnected
I, [2012-03-26T13:13:30.790506 #2800]  INFO -- : User deleted					toto
I, [2012-03-26T13:13:30.853991 #2800]  INFO -- : [Session]			toto disconnected
I, [2012-03-26T13:15:55.339475 #2848]  INFO -- : Account creation				toto
I, [2012-03-26T13:15:55.339794 #2848]  INFO -- : [Session]			toto disconnected
I, [2012-03-26T13:15:56.781247 #2848]  INFO -- : [Session]			toto disconnected
I, [2012-03-26T13:15:59.667438 #2848]  INFO -- : [Session]			toto connected
I, [2012-03-26T13:16:01.475527 #2848]  INFO -- : User deleted					toto
I, [2012-03-26T13:16:01.521523 #2848]  INFO -- : [Session]			toto disconnected
I, [2012-03-26T13:16:16.956639 #2848]  INFO -- : Account creation				toto
I, [2012-03-26T13:16:16.957037 #2848]  INFO -- : [Session]			toto disconnected
I, [2012-03-26T13:21:27.321387 #2931]  INFO -- : [Session]			toto disconnected
I, [2012-03-26T13:21:33.857943 #2931]  INFO -- : Account creation				titi
I, [2012-03-26T13:21:33.858236 #2931]  INFO -- : [Session]			titi disconnected
I, [2012-03-26T13:21:53.937776 #2931]  INFO -- : User deleted					titi
I, [2012-03-26T13:21:54.001938 #2931]  INFO -- : [Session]			titi disconnected
I, [2012-03-26T13:21:56.612608 #2931]  INFO -- : [Session]			toto connected
I, [2012-03-26T13:21:58.508399 #2931]  INFO -- : User deleted					toto
I, [2012-03-26T13:21:58.550601 #2931]  INFO -- : [Session]			toto disconnected
